<?xml version="1.0" encoding="UTF-8"?>
<coverage generated="1655199805918" clover="3.2.0">
  <project timestamp="1655199805918" name="All files">
    <metrics statements="43" coveredstatements="24" conditionals="15" coveredconditionals="8" methods="19" coveredmethods="6" elements="77" coveredelements="38" complexity="0" loc="43" ncloc="43" packages="2" files="5" classes="5"/>
    <package name="components">
      <metrics statements="24" coveredstatements="5" conditionals="7" coveredconditionals="0" methods="16" coveredmethods="3"/>
      <file name="BookCart.js" path="C:\Users\user\VScodeProject\sky-react-book-cart — hw8\sky-react-book-cart-hw10-main\sky-react-book-cart-hw10-main\src\components\BookCart.js">
        <metrics statements="8" coveredstatements="5" conditionals="2" coveredconditionals="0" methods="6" coveredmethods="3"/>
        <line num="8" count="3" type="stmt"/>
        <line num="47" count="3" type="stmt"/>
        <line num="49" count="3" type="stmt"/>
        <line num="50" count="0" type="stmt"/>
        <line num="51" count="0" type="cond" truecount="0" falsecount="2"/>
        <line num="55" count="3" type="stmt"/>
        <line num="68" count="15" type="stmt"/>
        <line num="76" count="0" type="stmt"/>
      </file>
      <file name="CartTotal.js" path="C:\Users\user\VScodeProject\sky-react-book-cart — hw8\sky-react-book-cart-hw10-main\sky-react-book-cart-hw10-main\src\components\CartTotal.js">
        <metrics statements="2" coveredstatements="0" conditionals="0" coveredconditionals="0" methods="2" coveredmethods="0"/>
        <line num="2" count="0" type="stmt"/>
        <line num="4" count="0" type="stmt"/>
      </file>
      <file name="MinMaxLazyState.js" path="C:\Users\user\VScodeProject\sky-react-book-cart — hw8\sky-react-book-cart-hw10-main\sky-react-book-cart-hw10-main\src\components\MinMaxLazyState.js">
        <metrics statements="14" coveredstatements="0" conditionals="5" coveredconditionals="0" methods="8" coveredmethods="0"/>
        <line num="4" count="0" type="stmt"/>
        <line num="5" count="0" type="stmt"/>
        <line num="8" count="0" type="stmt"/>
        <line num="9" count="0" type="cond" truecount="0" falsecount="2"/>
        <line num="13" count="0" type="cond" truecount="0" falsecount="2"/>
        <line num="14" count="0" type="stmt"/>
        <line num="19" count="0" type="stmt"/>
        <line num="20" count="0" type="stmt"/>
        <line num="21" count="0" type="stmt"/>
        <line num="24" count="0" type="stmt"/>
        <line num="25" count="0" type="stmt"/>
        <line num="27" count="0" type="stmt"/>
        <line num="28" count="0" type="stmt"/>
        <line num="31" count="0" type="stmt"/>
      </file>
    </package>
    <package name="hw">
      <metrics statements="19" coveredstatements="19" conditionals="8" coveredconditionals="8" methods="3" coveredmethods="3"/>
      <file name="ColorNumbers.js" path="C:\Users\user\VScodeProject\sky-react-book-cart — hw8\sky-react-book-cart-hw10-main\sky-react-book-cart-hw10-main\src\hw\ColorNumbers.js">
        <metrics statements="16" coveredstatements="16" conditionals="8" coveredconditionals="8" methods="2" coveredmethods="2"/>
        <line num="2" count="1" type="stmt"/>
        <line num="3" count="2" type="stmt"/>
        <line num="8" count="2" type="stmt"/>
        <line num="22" count="64" type="stmt"/>
        <line num="23" count="64" type="cond" truecount="2" falsecount="0"/>
        <line num="24" count="32" type="stmt"/>
        <line num="26" count="32" type="stmt"/>
        <line num="27" count="300" type="cond" truecount="2" falsecount="0"/>
        <line num="28" count="10" type="stmt"/>
        <line num="29" count="10" type="stmt"/>
        <line num="31" count="290" type="stmt"/>
        <line num="35" count="64" type="cond" truecount="2" falsecount="0"/>
        <line num="36" count="2" type="stmt"/>
        <line num="38" count="64" type="cond" truecount="2" falsecount="0"/>
        <line num="39" count="2" type="stmt"/>
        <line num="41" count="64" type="stmt"/>
      </file>
      <file name="Title.js" path="C:\Users\user\VScodeProject\sky-react-book-cart — hw8\sky-react-book-cart-hw10-main\sky-react-book-cart-hw10-main\src\hw\Title.js">
        <metrics statements="3" coveredstatements="3" conditionals="0" coveredconditionals="0" methods="1" coveredmethods="1"/>
        <line num="4" count="2" type="stmt"/>
        <line num="6" count="1" type="stmt"/>
        <line num="10" count="1" type="stmt"/>
      </file>
    </package>
  </project>
</coverage>
