{"C:\\Users\\user\\VScodeProject\\sky-react-book-cart — hw8\\sky-react-book-cart-hw10-main\\sky-react-book-cart-hw10-main\\src\\components\\BookCart.js": {"path":"C:\\Users\\user\\VScodeProject\\sky-react-book-cart — hw8\\sky-react-book-cart-hw10-main\\sky-react-book-cart-hw10-main\\src\\components\\BookCart.js","statementMap":{"0":{"start":{"line":8,"column":2},"end":{"line":44,"column":3}},"1":{"start":{"line":47,"column":28},"end":{"line":47,"column":49}},"2":{"start":{"line":49,"column":22},"end":{"line":53,"column":3}},"3":{"start":{"line":50,"column":4},"end":{"line":52,"column":5}},"4":{"start":{"line":51,"column":27},"end":{"line":51,"column":72}},"5":{"start":{"line":55,"column":2},"end":{"line":89,"column":3}},"6":{"start":{"line":68,"column":12},"end":{"line":79,"column":17}},"7":{"start":{"line":76,"column":42},"end":{"line":76,"column":72}}},"fnMap":{"0":{"name":"booksStub","decl":{"start":{"line":7,"column":9},"end":{"line":7,"column":18}},"loc":{"start":{"line":7,"column":21},"end":{"line":45,"column":1}},"line":7},"1":{"name":"BookCart","decl":{"start":{"line":46,"column":24},"end":{"line":46,"column":32}},"loc":{"start":{"line":46,"column":35},"end":{"line":90,"column":1}},"line":46},"2":{"name":"(anonymous_2)","decl":{"start":{"line":49,"column":22},"end":{"line":49,"column":23}},"loc":{"start":{"line":49,"column":40},"end":{"line":53,"column":3}},"line":49},"3":{"name":"(anonymous_3)","decl":{"start":{"line":51,"column":16},"end":{"line":51,"column":17}},"loc":{"start":{"line":51,"column":27},"end":{"line":51,"column":72}},"line":51},"4":{"name":"(anonymous_4)","decl":{"start":{"line":67,"column":21},"end":{"line":67,"column":22}},"loc":{"start":{"line":68,"column":12},"end":{"line":79,"column":17}},"line":68},"5":{"name":"(anonymous_5)","decl":{"start":{"line":76,"column":28},"end":{"line":76,"column":29}},"loc":{"start":{"line":76,"column":42},"end":{"line":76,"column":72}},"line":76}},"branchMap":{"0":{"loc":{"start":{"line":51,"column":27},"end":{"line":51,"column":72}},"type":"cond-expr","locations":[{"start":{"line":51,"column":44},"end":{"line":51,"column":48}},{"start":{"line":51,"column":51},"end":{"line":51,"column":72}}],"line":51}},"s":{"0":3,"1":3,"2":3,"3":0,"4":0,"5":3,"6":15,"7":0},"f":{"0":3,"1":3,"2":0,"3":0,"4":15,"5":0},"b":{"0":[0,0]},"_coverageSchema":"1a1c01bbd47fc00a2c39e90264f33305004495a9","hash":"9953e98928540fdb21971a0a8bd8cf8bb03b82ae"}
,"C:\\Users\\user\\VScodeProject\\sky-react-book-cart — hw8\\sky-react-book-cart-hw10-main\\sky-react-book-cart-hw10-main\\src\\components\\CartTotal.js": {"path":"C:\\Users\\user\\VScodeProject\\sky-react-book-cart — hw8\\sky-react-book-cart-hw10-main\\sky-react-book-cart-hw10-main\\src\\components\\CartTotal.js","statementMap":{"0":{"start":{"line":2,"column":16},"end":{"line":2,"column":74}},"1":{"start":{"line":2,"column":42},"end":{"line":2,"column":70}},"2":{"start":{"line":4,"column":2},"end":{"line":4,"column":23}}},"fnMap":{"0":{"name":"CartTotal","decl":{"start":{"line":1,"column":9},"end":{"line":1,"column":18}},"loc":{"start":{"line":1,"column":30},"end":{"line":5,"column":1}},"line":1},"1":{"name":"(anonymous_1)","decl":{"start":{"line":2,"column":29},"end":{"line":2,"column":30}},"loc":{"start":{"line":2,"column":42},"end":{"line":2,"column":70}},"line":2}},"branchMap":{},"s":{"0":0,"1":0,"2":0},"f":{"0":0,"1":0},"b":{},"_coverageSchema":"1a1c01bbd47fc00a2c39e90264f33305004495a9","hash":"dd117620fd4b328413e8065dcb6abf95e58c5b1a"}
,"C:\\Users\\user\\VScodeProject\\sky-react-book-cart — hw8\\sky-react-book-cart-hw10-main\\sky-react-book-cart-hw10-main\\src\\components\\MinMaxLazyState.js": {"path":"C:\\Users\\user\\VScodeProject\\sky-react-book-cart — hw8\\sky-react-book-cart-hw10-main\\sky-react-book-cart-hw10-main\\src\\components\\MinMaxLazyState.js","statementMap":{"0":{"start":{"line":4,"column":30},"end":{"line":4,"column":47}},"1":{"start":{"line":5,"column":18},"end":{"line":5,"column":50}},"2":{"start":{"line":5,"column":25},"end":{"line":5,"column":50}},"3":{"start":{"line":8,"column":16},"end":{"line":8,"column":36}},"4":{"start":{"line":9,"column":4},"end":{"line":9,"column":40}},"5":{"start":{"line":13,"column":4},"end":{"line":15,"column":5}},"6":{"start":{"line":14,"column":6},"end":{"line":14,"column":24}},"7":{"start":{"line":19,"column":21},"end":{"line":19,"column":54}},"8":{"start":{"line":20,"column":4},"end":{"line":20,"column":23}},"9":{"start":{"line":21,"column":4},"end":{"line":21,"column":22}},"10":{"start":{"line":24,"column":14},"end":{"line":24,"column":45}},"11":{"start":{"line":24,"column":20},"end":{"line":24,"column":45}},"12":{"start":{"line":25,"column":14},"end":{"line":25,"column":45}},"13":{"start":{"line":25,"column":20},"end":{"line":25,"column":45}},"14":{"start":{"line":27,"column":2},"end":{"line":29,"column":15}},"15":{"start":{"line":28,"column":4},"end":{"line":28,"column":22}},"16":{"start":{"line":31,"column":2},"end":{"line":47,"column":3}}},"fnMap":{"0":{"name":"MinMaxLazy","decl":{"start":{"line":3,"column":9},"end":{"line":3,"column":19}},"loc":{"start":{"line":3,"column":57},"end":{"line":48,"column":1}},"line":3},"1":{"name":"(anonymous_1)","decl":{"start":{"line":5,"column":18},"end":{"line":5,"column":19}},"loc":{"start":{"line":5,"column":25},"end":{"line":5,"column":50}},"line":5},"2":{"name":"parseCurrentStr","decl":{"start":{"line":7,"column":11},"end":{"line":7,"column":26}},"loc":{"start":{"line":7,"column":29},"end":{"line":10,"column":3}},"line":7},"3":{"name":"onKeyPress","decl":{"start":{"line":12,"column":11},"end":{"line":12,"column":21}},"loc":{"start":{"line":12,"column":25},"end":{"line":16,"column":3}},"line":12},"4":{"name":"applyCurrent","decl":{"start":{"line":18,"column":11},"end":{"line":18,"column":23}},"loc":{"start":{"line":18,"column":29},"end":{"line":22,"column":3}},"line":18},"5":{"name":"(anonymous_5)","decl":{"start":{"line":24,"column":14},"end":{"line":24,"column":15}},"loc":{"start":{"line":24,"column":20},"end":{"line":24,"column":45}},"line":24},"6":{"name":"(anonymous_6)","decl":{"start":{"line":25,"column":14},"end":{"line":25,"column":15}},"loc":{"start":{"line":25,"column":20},"end":{"line":25,"column":45}},"line":25},"7":{"name":"(anonymous_7)","decl":{"start":{"line":27,"column":12},"end":{"line":27,"column":13}},"loc":{"start":{"line":27,"column":18},"end":{"line":29,"column":3}},"line":27}},"branchMap":{"0":{"loc":{"start":{"line":3,"column":22},"end":{"line":3,"column":29}},"type":"default-arg","locations":[{"start":{"line":3,"column":28},"end":{"line":3,"column":29}}],"line":3},"1":{"loc":{"start":{"line":9,"column":17},"end":{"line":9,"column":39}},"type":"cond-expr","locations":[{"start":{"line":9,"column":30},"end":{"line":9,"column":33}},{"start":{"line":9,"column":36},"end":{"line":9,"column":39}}],"line":9},"2":{"loc":{"start":{"line":13,"column":4},"end":{"line":15,"column":5}},"type":"if","locations":[{"start":{"line":13,"column":4},"end":{"line":15,"column":5}},{"start":{},"end":{}}],"line":13}},"s":{"0":0,"1":0,"2":0,"3":0,"4":0,"5":0,"6":0,"7":0,"8":0,"9":0,"10":0,"11":0,"12":0,"13":0,"14":0,"15":0,"16":0},"f":{"0":0,"1":0,"2":0,"3":0,"4":0,"5":0,"6":0,"7":0},"b":{"0":[0],"1":[0,0],"2":[0,0]},"_coverageSchema":"1a1c01bbd47fc00a2c39e90264f33305004495a9","hash":"fd80f59deca648587c52d6359043a8b7afaceccb"}
,"C:\\Users\\user\\VScodeProject\\sky-react-book-cart — hw8\\sky-react-book-cart-hw10-main\\sky-react-book-cart-hw10-main\\src\\hw\\ColorNumbers.js": {"path":"C:\\Users\\user\\VScodeProject\\sky-react-book-cart — hw8\\sky-react-book-cart-hw10-main\\sky-react-book-cart-hw10-main\\src\\hw\\ColorNumbers.js","statementMap":{"0":{"start":{"line":2,"column":20},"end":{"line":53,"column":1}},"1":{"start":{"line":3,"column":17},"end":{"line":6,"column":3}},"2":{"start":{"line":8,"column":2},"end":{"line":52,"column":3}},"3":{"start":{"line":22,"column":22},"end":{"line":22,"column":24}},"4":{"start":{"line":23,"column":10},"end":{"line":34,"column":11}},"5":{"start":{"line":24,"column":12},"end":{"line":24,"column":27}},"6":{"start":{"line":26,"column":12},"end":{"line":33,"column":13}},"7":{"start":{"line":26,"column":25},"end":{"line":26,"column":26}},"8":{"start":{"line":27,"column":14},"end":{"line":32,"column":15}},"9":{"start":{"line":28,"column":16},"end":{"line":28,"column":32}},"10":{"start":{"line":29,"column":16},"end":{"line":29,"column":21}},"11":{"start":{"line":31,"column":16},"end":{"line":31,"column":29}},"12":{"start":{"line":35,"column":10},"end":{"line":37,"column":11}},"13":{"start":{"line":36,"column":12},"end":{"line":36,"column":28}},"14":{"start":{"line":38,"column":10},"end":{"line":40,"column":11}},"15":{"start":{"line":39,"column":12},"end":{"line":39,"column":25}},"16":{"start":{"line":41,"column":10},"end":{"line":48,"column":11}}},"fnMap":{"0":{"name":"(anonymous_0)","decl":{"start":{"line":2,"column":20},"end":{"line":2,"column":21}},"loc":{"start":{"line":2,"column":26},"end":{"line":53,"column":1}},"line":2},"1":{"name":"(anonymous_1)","decl":{"start":{"line":21,"column":20},"end":{"line":21,"column":21}},"loc":{"start":{"line":21,"column":29},"end":{"line":49,"column":9}},"line":21}},"branchMap":{"0":{"loc":{"start":{"line":23,"column":10},"end":{"line":34,"column":11}},"type":"if","locations":[{"start":{"line":23,"column":10},"end":{"line":34,"column":11}},{"start":{"line":25,"column":17},"end":{"line":34,"column":11}}],"line":23},"1":{"loc":{"start":{"line":27,"column":14},"end":{"line":32,"column":15}},"type":"if","locations":[{"start":{"line":27,"column":14},"end":{"line":32,"column":15}},{"start":{"line":30,"column":21},"end":{"line":32,"column":15}}],"line":27},"2":{"loc":{"start":{"line":35,"column":10},"end":{"line":37,"column":11}},"type":"if","locations":[{"start":{"line":35,"column":10},"end":{"line":37,"column":11}},{"start":{},"end":{}}],"line":35},"3":{"loc":{"start":{"line":38,"column":10},"end":{"line":40,"column":11}},"type":"if","locations":[{"start":{"line":38,"column":10},"end":{"line":40,"column":11}},{"start":{},"end":{}}],"line":38}},"s":{"0":1,"1":2,"2":2,"3":64,"4":64,"5":32,"6":32,"7":32,"8":300,"9":10,"10":10,"11":290,"12":64,"13":2,"14":64,"15":2,"16":64},"f":{"0":2,"1":64},"b":{"0":[32,32],"1":[10,290],"2":[2,62],"3":[2,62]},"_coverageSchema":"1a1c01bbd47fc00a2c39e90264f33305004495a9","hash":"2e7c56f3608ad7ac0c9c9bde1d6cdec7aef5fc07"}
,"C:\\Users\\user\\VScodeProject\\sky-react-book-cart — hw8\\sky-react-book-cart-hw10-main\\sky-react-book-cart-hw10-main\\src\\hw\\Title.js": {"path":"C:\\Users\\user\\VScodeProject\\sky-react-book-cart — hw8\\sky-react-book-cart-hw10-main\\sky-react-book-cart-hw10-main\\src\\hw\\Title.js","statementMap":{"0":{"start":{"line":4,"column":14},"end":{"line":4,"column":63}},"1":{"start":{"line":4,"column":29},"end":{"line":4,"column":63}},"2":{"start":{"line":6,"column":0},"end":{"line":8,"column":1}},"3":{"start":{"line":10,"column":0},"end":{"line":12,"column":1}}},"fnMap":{"0":{"name":"(anonymous_0)","decl":{"start":{"line":4,"column":14},"end":{"line":4,"column":15}},"loc":{"start":{"line":4,"column":29},"end":{"line":4,"column":63}},"line":4}},"branchMap":{},"s":{"0":1,"1":2,"2":1,"3":1},"f":{"0":2},"b":{},"_coverageSchema":"1a1c01bbd47fc00a2c39e90264f33305004495a9","hash":"340a6433af109a312f1f2cd5e9b616e3ecfdcb0f"}
}
