TN:
SF:src\components\BookCart.js
FN:7,booksStub
FN:46,BookCart
FN:49,(anonymous_2)
FN:51,(anonymous_3)
FN:67,(anonymous_4)
FN:76,(anonymous_5)
FNF:6
FNH:3
FNDA:3,booksStub
FNDA:3,BookCart
FNDA:0,(anonymous_2)
FNDA:0,(anonymous_3)
FNDA:15,(anonymous_4)
FNDA:0,(anonymous_5)
DA:8,3
DA:47,3
DA:49,3
DA:50,0
DA:51,0
DA:55,3
DA:68,15
DA:76,0
LF:8
LH:5
BRDA:51,0,0,0
BRDA:51,0,1,0
BRF:2
BRH:0
end_of_record
TN:
SF:src\components\CartTotal.js
FN:1,CartTotal
FN:2,(anonymous_1)
FNF:2
FNH:0
FNDA:0,CartTotal
FNDA:0,(anonymous_1)
DA:2,0
DA:4,0
LF:2
LH:0
BRF:0
BRH:0
end_of_record
TN:
SF:src\components\MinMaxLazyState.js
FN:3,MinMaxLazy
FN:5,(anonymous_1)
FN:7,parseCurrentStr
FN:12,onKeyPress
FN:18,applyCurrent
FN:24,(anonymous_5)
FN:25,(anonymous_6)
FN:27,(anonymous_7)
FNF:8
FNH:0
FNDA:0,MinMaxLazy
FNDA:0,(anonymous_1)
FNDA:0,parseCurrentStr
FNDA:0,onKeyPress
FNDA:0,applyCurrent
FNDA:0,(anonymous_5)
FNDA:0,(anonymous_6)
FNDA:0,(anonymous_7)
DA:4,0
DA:5,0
DA:8,0
DA:9,0
DA:13,0
DA:14,0
DA:19,0
DA:20,0
DA:21,0
DA:24,0
DA:25,0
DA:27,0
DA:28,0
DA:31,0
LF:14
LH:0
BRDA:3,0,0,0
BRDA:9,1,0,0
BRDA:9,1,1,0
BRDA:13,2,0,0
BRDA:13,2,1,0
BRF:5
BRH:0
end_of_record
TN:
SF:src\hw\ColorNumbers.js
FN:2,(anonymous_0)
FN:21,(anonymous_1)
FNF:2
FNH:2
FNDA:2,(anonymous_0)
FNDA:64,(anonymous_1)
DA:2,1
DA:3,2
DA:8,2
DA:22,64
DA:23,64
DA:24,32
DA:26,32
DA:27,300
DA:28,10
DA:29,10
DA:31,290
DA:35,64
DA:36,2
DA:38,64
DA:39,2
DA:41,64
LF:16
LH:16
BRDA:23,0,0,32
BRDA:23,0,1,32
BRDA:27,1,0,10
BRDA:27,1,1,290
BRDA:35,2,0,2
BRDA:35,2,1,62
BRDA:38,3,0,2
BRDA:38,3,1,62
BRF:8
BRH:8
end_of_record
TN:
SF:src\hw\Title.js
FN:4,(anonymous_0)
FNF:1
FNH:1
FNDA:2,(anonymous_0)
DA:4,2
DA:6,1
DA:10,1
LF:3
LH:3
BRF:0
BRH:0
end_of_record
